2026-01-22 23:36:19,636 [INFO] automation - SETUP: start browser
2026-01-22 23:36:26,537 [INFO] automation - TEARDOWN: quit browser
2026-01-22 23:36:39,885 [INFO] automation - SETUP: start browser
2026-01-22 23:36:42,210 [INFO] automation - TEARDOWN: quit browser
2026-01-22 23:39:14,722 [INFO] automation - SETUP: start browser
2026-01-22 23:39:16,942 [INFO] automation - TC-04 START: checkout flow
2026-01-22 23:39:17,933 [INFO] automation - Step: login
2026-01-22 23:39:19,551 [INFO] automation - Step: add backpack to cart
2026-01-22 23:39:19,585 [INFO] automation - Step: open cart
2026-01-22 23:39:19,634 [INFO] automation - Step: checkout
2026-01-22 23:39:19,670 [INFO] automation - Step: fill checkout information
2026-01-22 23:39:19,844 [INFO] automation - Checkpoint: total label exists
2026-01-22 23:39:19,856 [INFO] automation - Step: finish checkout
2026-01-22 23:39:19,891 [INFO] automation - Checkpoint: order completion message is shown
2026-01-22 23:39:19,900 [INFO] automation - TC-04 END: pass
2026-01-22 23:39:19,901 [INFO] automation - TEARDOWN: quit browser
2026-01-22 23:39:22,019 [INFO] automation - SETUP: start browser
2026-01-22 23:39:24,251 [INFO] automation - TC-01 START: valid login
2026-01-22 23:39:24,973 [INFO] automation - Step: login with valid credentials
2026-01-22 23:39:25,136 [INFO] automation - Checkpoint: inventory title is 'Products'
2026-01-22 23:39:25,155 [INFO] automation - TC-01 END: pass
2026-01-22 23:39:25,156 [INFO] automation - TEARDOWN: quit browser
2026-01-22 23:39:27,250 [INFO] automation - SETUP: start browser
2026-01-22 23:39:29,494 [INFO] automation - TC-02 START: invalid login
2026-01-22 23:39:30,751 [INFO] automation - Step: login with invalid password
2026-01-22 23:39:30,913 [INFO] automation - Checkpoint: error message contains expected text
2026-01-22 23:39:30,925 [INFO] automation - TC-02 END: pass
2026-01-22 23:39:30,927 [INFO] automation - TEARDOWN: quit browser
2026-01-22 23:39:33,032 [INFO] automation - SETUP: start browser
2026-01-22 23:39:35,268 [INFO] automation - TC-03 START: logout
2026-01-22 23:39:36,279 [INFO] automation - Step: logout via menu
2026-01-22 23:39:36,435 [INFO] automation - Checkpoint: URL contains saucedemo.com and login button exists
2026-01-22 23:39:36,444 [INFO] automation - TC-03 END: pass
2026-01-22 23:39:36,445 [INFO] automation - TEARDOWN: quit browser
